ERROR - 2023-11-16 09:13:09 --> mysqli_sql_exception: Table 'pinjam.tbl_siswa' doesn't exist in C:\xampp\htdocs\pinjam-430\system\Database\MySQLi\Connection.php:295
Stack trace:
#0 C:\xampp\htdocs\pinjam-430\system\Database\MySQLi\Connection.php(295): mysqli->query('SELECT COUNT(*)...', 0)
#1 C:\xampp\htdocs\pinjam-430\system\Database\BaseConnection.php(691): CodeIgniter\Database\MySQLi\Connection->execute('SELECT COUNT(*)...')
#2 C:\xampp\htdocs\pinjam-430\system\Database\BaseConnection.php(605): CodeIgniter\Database\BaseConnection->simpleQuery('SELECT COUNT(*)...')
#3 C:\xampp\htdocs\pinjam-430\system\Database\BaseBuilder.php(1685): CodeIgniter\Database\BaseConnection->query('SELECT COUNT(*)...', Array, false)
#4 C:\xampp\htdocs\pinjam-430\system\Model.php(604): CodeIgniter\Database\BaseBuilder->countAllResults(true)
#5 C:\xampp\htdocs\pinjam-430\app\Models\SiswaModel.php(160): CodeIgniter\Model->countAllResults()
#6 C:\xampp\htdocs\pinjam-430\app\Controllers\Masuk.php(19): App\Models\SiswaModel->getTotalSiswa()
#7 C:\xampp\htdocs\pinjam-430\system\CodeIgniter.php(934): App\Controllers\Masuk->index()
#8 C:\xampp\htdocs\pinjam-430\system\CodeIgniter.php(499): CodeIgniter\CodeIgniter->runController(Object(App\Controllers\Masuk))
#9 C:\xampp\htdocs\pinjam-430\system\CodeIgniter.php(368): CodeIgniter\CodeIgniter->handleRequest(NULL, Object(Config\Cache), false)
#10 C:\xampp\htdocs\pinjam-430\public\index.php(67): CodeIgniter\CodeIgniter->run()
#11 C:\xampp\htdocs\pinjam-430\system\Commands\Server\rewrite.php(47): require_once('C:\\xampp\\htdocs...')
#12 {main}
CRITICAL - 2023-11-16 09:13:09 --> Table 'pinjam.tbl_siswa' doesn't exist
in SYSTEMPATH\Database\BaseConnection.php on line 645.
 1 SYSTEMPATH\Database\BaseBuilder.php(1685): CodeIgniter\Database\BaseConnection->query('SELECT COUNT(*) AS `numrows`
FROM `tbl_siswa`', [], false)
 2 SYSTEMPATH\Model.php(604): CodeIgniter\Database\BaseBuilder->countAllResults(true)
 3 APPPATH\Models\SiswaModel.php(160): CodeIgniter\Model->countAllResults()
 4 APPPATH\Controllers\Masuk.php(19): App\Models\SiswaModel->getTotalSiswa()
 5 SYSTEMPATH\CodeIgniter.php(934): App\Controllers\Masuk->index()
 6 SYSTEMPATH\CodeIgniter.php(499): CodeIgniter\CodeIgniter->runController(Object(App\Controllers\Masuk))
 7 SYSTEMPATH\CodeIgniter.php(368): CodeIgniter\CodeIgniter->handleRequest(null, Object(Config\Cache), false)
 8 FCPATH\index.php(67): CodeIgniter\CodeIgniter->run()
 9 SYSTEMPATH\Commands\Server\rewrite.php(47): require_once('FCPATH\\index.php')
INFO - 2023-11-16 09:15:17 --> Session: Class initialized using 'CodeIgniter\Session\Handlers\FileHandler' driver.
INFO - 2023-11-16 09:15:22 --> Session: Class initialized using 'CodeIgniter\Session\Handlers\FileHandler' driver.
INFO - 2023-11-16 09:15:23 --> Session: Class initialized using 'CodeIgniter\Session\Handlers\FileHandler' driver.
INFO - 2023-11-16 09:15:31 --> Session: Class initialized using 'CodeIgniter\Session\Handlers\FileHandler' driver.
INFO - 2023-11-16 09:15:32 --> Session: Class initialized using 'CodeIgniter\Session\Handlers\FileHandler' driver.
INFO - 2023-11-16 09:15:37 --> Session: Class initialized using 'CodeIgniter\Session\Handlers\FileHandler' driver.
INFO - 2023-11-16 09:15:38 --> Session: Class initialized using 'CodeIgniter\Session\Handlers\FileHandler' driver.
INFO - 2023-11-16 09:15:46 --> Session: Class initialized using 'CodeIgniter\Session\Handlers\FileHandler' driver.
INFO - 2023-11-16 09:15:52 --> Session: Class initialized using 'CodeIgniter\Session\Handlers\FileHandler' driver.
CRITICAL - 2023-11-16 09:15:52 --> Class "PhpOffice\PhpSpreadsheet\Spreadsheet" not found
in APPPATH\Controllers\Siswa.php on line 686.
 1 SYSTEMPATH\CodeIgniter.php(934): App\Controllers\Siswa->export()
 2 SYSTEMPATH\CodeIgniter.php(499): CodeIgniter\CodeIgniter->runController(Object(App\Controllers\Siswa))
 3 SYSTEMPATH\CodeIgniter.php(368): CodeIgniter\CodeIgniter->handleRequest(null, Object(Config\Cache), false)
 4 FCPATH\index.php(67): CodeIgniter\CodeIgniter->run()
 5 SYSTEMPATH\Commands\Server\rewrite.php(47): require_once('FCPATH\\index.php')
INFO - 2023-11-16 09:15:59 --> Session: Class initialized using 'CodeIgniter\Session\Handlers\FileHandler' driver.
INFO - 2023-11-16 09:18:28 --> Session: Class initialized using 'CodeIgniter\Session\Handlers\FileHandler' driver.
INFO - 2023-11-16 09:18:28 --> Session: Class initialized using 'CodeIgniter\Session\Handlers\FileHandler' driver.
INFO - 2023-11-16 09:18:35 --> Session: Class initialized using 'CodeIgniter\Session\Handlers\FileHandler' driver.
INFO - 2023-11-16 09:18:35 --> Session: Class initialized using 'CodeIgniter\Session\Handlers\FileHandler' driver.
INFO - 2023-11-16 09:18:49 --> Session: Class initialized using 'CodeIgniter\Session\Handlers\FileHandler' driver.
INFO - 2023-11-16 09:18:55 --> Session: Class initialized using 'CodeIgniter\Session\Handlers\FileHandler' driver.
INFO - 2023-11-16 09:18:55 --> Session: Class initialized using 'CodeIgniter\Session\Handlers\FileHandler' driver.
INFO - 2023-11-16 09:18:59 --> Session: Class initialized using 'CodeIgniter\Session\Handlers\FileHandler' driver.
INFO - 2023-11-16 09:19:00 --> Session: Class initialized using 'CodeIgniter\Session\Handlers\FileHandler' driver.
INFO - 2023-11-16 09:24:39 --> Session: Class initialized using 'CodeIgniter\Session\Handlers\FileHandler' driver.
INFO - 2023-11-16 09:24:42 --> Session: Class initialized using 'CodeIgniter\Session\Handlers\FileHandler' driver.
INFO - 2023-11-16 09:24:44 --> Session: Class initialized using 'CodeIgniter\Session\Handlers\FileHandler' driver.
INFO - 2023-11-16 09:25:04 --> Session: Class initialized using 'CodeIgniter\Session\Handlers\FileHandler' driver.
INFO - 2023-11-16 09:25:07 --> Session: Class initialized using 'CodeIgniter\Session\Handlers\FileHandler' driver.
INFO - 2023-11-16 09:25:12 --> Session: Class initialized using 'CodeIgniter\Session\Handlers\FileHandler' driver.
INFO - 2023-11-16 09:25:15 --> Session: Class initialized using 'CodeIgniter\Session\Handlers\FileHandler' driver.
INFO - 2023-11-16 09:25:16 --> Session: Class initialized using 'CodeIgniter\Session\Handlers\FileHandler' driver.
INFO - 2023-11-16 09:25:39 --> Session: Class initialized using 'CodeIgniter\Session\Handlers\FileHandler' driver.
INFO - 2023-11-16 09:25:41 --> Session: Class initialized using 'CodeIgniter\Session\Handlers\FileHandler' driver.
INFO - 2023-11-16 09:25:44 --> Session: Class initialized using 'CodeIgniter\Session\Handlers\FileHandler' driver.
INFO - 2023-11-16 10:22:25 --> Session: Class initialized using 'CodeIgniter\Session\Handlers\FileHandler' driver.
INFO - 2023-11-16 10:22:37 --> Session: Class initialized using 'CodeIgniter\Session\Handlers\FileHandler' driver.
INFO - 2023-11-16 10:22:44 --> Session: Class initialized using 'CodeIgniter\Session\Handlers\FileHandler' driver.
INFO - 2023-11-16 10:22:45 --> Session: Class initialized using 'CodeIgniter\Session\Handlers\FileHandler' driver.
INFO - 2023-11-16 10:22:45 --> Session: Class initialized using 'CodeIgniter\Session\Handlers\FileHandler' driver.
INFO - 2023-11-16 10:22:48 --> Session: Class initialized using 'CodeIgniter\Session\Handlers\FileHandler' driver.
INFO - 2023-11-16 10:23:07 --> Session: Class initialized using 'CodeIgniter\Session\Handlers\FileHandler' driver.
INFO - 2023-11-16 10:23:18 --> Session: Class initialized using 'CodeIgniter\Session\Handlers\FileHandler' driver.
ERROR - 2023-11-16 10:23:18 --> mysqli_sql_exception: Unknown column 'kelas_id' in 'where clause' in C:\xampp\htdocs\pinjam-430\system\Database\MySQLi\Connection.php:295
Stack trace:
#0 C:\xampp\htdocs\pinjam-430\system\Database\MySQLi\Connection.php(295): mysqli->query('SELECT COUNT(*)...', 0)
#1 C:\xampp\htdocs\pinjam-430\system\Database\BaseConnection.php(691): CodeIgniter\Database\MySQLi\Connection->execute('SELECT COUNT(*)...')
#2 C:\xampp\htdocs\pinjam-430\system\Database\BaseConnection.php(605): CodeIgniter\Database\BaseConnection->simpleQuery('SELECT COUNT(*)...')
#3 C:\xampp\htdocs\pinjam-430\system\Database\BaseBuilder.php(1685): CodeIgniter\Database\BaseConnection->query('SELECT COUNT(*)...', Array, false)
#4 C:\xampp\htdocs\pinjam-430\app\Models\SiswaModel.php(149): CodeIgniter\Database\BaseBuilder->countAllResults()
#5 C:\xampp\htdocs\pinjam-430\app\Controllers\Leger.php(149): App\Models\SiswaModel->getSiswaCount(NULL)
#6 C:\xampp\htdocs\pinjam-430\system\CodeIgniter.php(934): App\Controllers\Leger->cetakLeger()
#7 C:\xampp\htdocs\pinjam-430\system\CodeIgniter.php(499): CodeIgniter\CodeIgniter->runController(Object(App\Controllers\Leger))
#8 C:\xampp\htdocs\pinjam-430\system\CodeIgniter.php(368): CodeIgniter\CodeIgniter->handleRequest(NULL, Object(Config\Cache), false)
#9 C:\xampp\htdocs\pinjam-430\public\index.php(67): CodeIgniter\CodeIgniter->run()
#10 C:\xampp\htdocs\pinjam-430\system\Commands\Server\rewrite.php(47): require_once('C:\\xampp\\htdocs...')
#11 {main}
CRITICAL - 2023-11-16 10:23:18 --> Unknown column 'kelas_id' in 'where clause'
in SYSTEMPATH\Database\BaseConnection.php on line 645.
 1 SYSTEMPATH\Database\BaseBuilder.php(1685): CodeIgniter\Database\BaseConnection->query('SELECT COUNT(*) AS `numrows`
FROM `tbl_siswa`
WHERE `kelas_id` IS NULL', [], false)
 2 APPPATH\Models\SiswaModel.php(149): CodeIgniter\Database\BaseBuilder->countAllResults()
 3 APPPATH\Controllers\Leger.php(149): App\Models\SiswaModel->getSiswaCount(null)
 4 SYSTEMPATH\CodeIgniter.php(934): App\Controllers\Leger->cetakLeger()
 5 SYSTEMPATH\CodeIgniter.php(499): CodeIgniter\CodeIgniter->runController(Object(App\Controllers\Leger))
 6 SYSTEMPATH\CodeIgniter.php(368): CodeIgniter\CodeIgniter->handleRequest(null, Object(Config\Cache), false)
 7 FCPATH\index.php(67): CodeIgniter\CodeIgniter->run()
 8 SYSTEMPATH\Commands\Server\rewrite.php(47): require_once('FCPATH\\index.php')
INFO - 2023-11-16 10:23:45 --> Session: Class initialized using 'CodeIgniter\Session\Handlers\FileHandler' driver.
ERROR - 2023-11-16 10:23:45 --> mysqli_sql_exception: Unknown column 'kelas_id' in 'where clause' in C:\xampp\htdocs\pinjam-430\system\Database\MySQLi\Connection.php:295
Stack trace:
#0 C:\xampp\htdocs\pinjam-430\system\Database\MySQLi\Connection.php(295): mysqli->query('SELECT COUNT(*)...', 0)
#1 C:\xampp\htdocs\pinjam-430\system\Database\BaseConnection.php(691): CodeIgniter\Database\MySQLi\Connection->execute('SELECT COUNT(*)...')
#2 C:\xampp\htdocs\pinjam-430\system\Database\BaseConnection.php(605): CodeIgniter\Database\BaseConnection->simpleQuery('SELECT COUNT(*)...')
#3 C:\xampp\htdocs\pinjam-430\system\Database\BaseBuilder.php(1685): CodeIgniter\Database\BaseConnection->query('SELECT COUNT(*)...', Array, false)
#4 C:\xampp\htdocs\pinjam-430\app\Models\SiswaModel.php(149): CodeIgniter\Database\BaseBuilder->countAllResults()
#5 C:\xampp\htdocs\pinjam-430\app\Controllers\Leger.php(149): App\Models\SiswaModel->getSiswaCount(NULL)
#6 C:\xampp\htdocs\pinjam-430\system\CodeIgniter.php(934): App\Controllers\Leger->cetakLeger()
#7 C:\xampp\htdocs\pinjam-430\system\CodeIgniter.php(499): CodeIgniter\CodeIgniter->runController(Object(App\Controllers\Leger))
#8 C:\xampp\htdocs\pinjam-430\system\CodeIgniter.php(368): CodeIgniter\CodeIgniter->handleRequest(NULL, Object(Config\Cache), false)
#9 C:\xampp\htdocs\pinjam-430\public\index.php(67): CodeIgniter\CodeIgniter->run()
#10 C:\xampp\htdocs\pinjam-430\system\Commands\Server\rewrite.php(47): require_once('C:\\xampp\\htdocs...')
#11 {main}
CRITICAL - 2023-11-16 10:23:46 --> Unknown column 'kelas_id' in 'where clause'
in SYSTEMPATH\Database\BaseConnection.php on line 645.
 1 SYSTEMPATH\Database\BaseBuilder.php(1685): CodeIgniter\Database\BaseConnection->query('SELECT COUNT(*) AS `numrows`
FROM `tbl_siswa`
WHERE `kelas_id` IS NULL', [], false)
 2 APPPATH\Models\SiswaModel.php(149): CodeIgniter\Database\BaseBuilder->countAllResults()
 3 APPPATH\Controllers\Leger.php(149): App\Models\SiswaModel->getSiswaCount(null)
 4 SYSTEMPATH\CodeIgniter.php(934): App\Controllers\Leger->cetakLeger()
 5 SYSTEMPATH\CodeIgniter.php(499): CodeIgniter\CodeIgniter->runController(Object(App\Controllers\Leger))
 6 SYSTEMPATH\CodeIgniter.php(368): CodeIgniter\CodeIgniter->handleRequest(null, Object(Config\Cache), false)
 7 FCPATH\index.php(67): CodeIgniter\CodeIgniter->run()
 8 SYSTEMPATH\Commands\Server\rewrite.php(47): require_once('FCPATH\\index.php')
INFO - 2023-11-16 10:23:50 --> Session: Class initialized using 'CodeIgniter\Session\Handlers\FileHandler' driver.
ERROR - 2023-11-16 10:23:50 --> mysqli_sql_exception: Unknown column 'kelas_id' in 'where clause' in C:\xampp\htdocs\pinjam-430\system\Database\MySQLi\Connection.php:295
Stack trace:
#0 C:\xampp\htdocs\pinjam-430\system\Database\MySQLi\Connection.php(295): mysqli->query('SELECT COUNT(*)...', 0)
#1 C:\xampp\htdocs\pinjam-430\system\Database\BaseConnection.php(691): CodeIgniter\Database\MySQLi\Connection->execute('SELECT COUNT(*)...')
#2 C:\xampp\htdocs\pinjam-430\system\Database\BaseConnection.php(605): CodeIgniter\Database\BaseConnection->simpleQuery('SELECT COUNT(*)...')
#3 C:\xampp\htdocs\pinjam-430\system\Database\BaseBuilder.php(1685): CodeIgniter\Database\BaseConnection->query('SELECT COUNT(*)...', Array, false)
#4 C:\xampp\htdocs\pinjam-430\app\Models\SiswaModel.php(149): CodeIgniter\Database\BaseBuilder->countAllResults()
#5 C:\xampp\htdocs\pinjam-430\app\Controllers\Leger.php(149): App\Models\SiswaModel->getSiswaCount(NULL)
#6 C:\xampp\htdocs\pinjam-430\system\CodeIgniter.php(934): App\Controllers\Leger->cetakLeger()
#7 C:\xampp\htdocs\pinjam-430\system\CodeIgniter.php(499): CodeIgniter\CodeIgniter->runController(Object(App\Controllers\Leger))
#8 C:\xampp\htdocs\pinjam-430\system\CodeIgniter.php(368): CodeIgniter\CodeIgniter->handleRequest(NULL, Object(Config\Cache), false)
#9 C:\xampp\htdocs\pinjam-430\public\index.php(67): CodeIgniter\CodeIgniter->run()
#10 C:\xampp\htdocs\pinjam-430\system\Commands\Server\rewrite.php(47): require_once('C:\\xampp\\htdocs...')
#11 {main}
CRITICAL - 2023-11-16 10:23:50 --> Unknown column 'kelas_id' in 'where clause'
in SYSTEMPATH\Database\BaseConnection.php on line 645.
 1 SYSTEMPATH\Database\BaseBuilder.php(1685): CodeIgniter\Database\BaseConnection->query('SELECT COUNT(*) AS `numrows`
FROM `tbl_siswa`
WHERE `kelas_id` IS NULL', [], false)
 2 APPPATH\Models\SiswaModel.php(149): CodeIgniter\Database\BaseBuilder->countAllResults()
 3 APPPATH\Controllers\Leger.php(149): App\Models\SiswaModel->getSiswaCount(null)
 4 SYSTEMPATH\CodeIgniter.php(934): App\Controllers\Leger->cetakLeger()
 5 SYSTEMPATH\CodeIgniter.php(499): CodeIgniter\CodeIgniter->runController(Object(App\Controllers\Leger))
 6 SYSTEMPATH\CodeIgniter.php(368): CodeIgniter\CodeIgniter->handleRequest(null, Object(Config\Cache), false)
 7 FCPATH\index.php(67): CodeIgniter\CodeIgniter->run()
 8 SYSTEMPATH\Commands\Server\rewrite.php(47): require_once('FCPATH\\index.php')
INFO - 2023-11-16 10:23:52 --> Session: Class initialized using 'CodeIgniter\Session\Handlers\FileHandler' driver.
INFO - 2023-11-16 10:23:54 --> Session: Class initialized using 'CodeIgniter\Session\Handlers\FileHandler' driver.
ERROR - 2023-11-16 10:23:54 --> mysqli_sql_exception: Unknown column 'kelas_id' in 'where clause' in C:\xampp\htdocs\pinjam-430\system\Database\MySQLi\Connection.php:295
Stack trace:
#0 C:\xampp\htdocs\pinjam-430\system\Database\MySQLi\Connection.php(295): mysqli->query('SELECT COUNT(*)...', 0)
#1 C:\xampp\htdocs\pinjam-430\system\Database\BaseConnection.php(691): CodeIgniter\Database\MySQLi\Connection->execute('SELECT COUNT(*)...')
#2 C:\xampp\htdocs\pinjam-430\system\Database\BaseConnection.php(605): CodeIgniter\Database\BaseConnection->simpleQuery('SELECT COUNT(*)...')
#3 C:\xampp\htdocs\pinjam-430\system\Database\BaseBuilder.php(1685): CodeIgniter\Database\BaseConnection->query('SELECT COUNT(*)...', Array, false)
#4 C:\xampp\htdocs\pinjam-430\app\Models\SiswaModel.php(149): CodeIgniter\Database\BaseBuilder->countAllResults()
#5 C:\xampp\htdocs\pinjam-430\app\Controllers\Leger.php(44): App\Models\SiswaModel->getSiswaCount(NULL)
#6 C:\xampp\htdocs\pinjam-430\system\CodeIgniter.php(934): App\Controllers\Leger->formLeger()
#7 C:\xampp\htdocs\pinjam-430\system\CodeIgniter.php(499): CodeIgniter\CodeIgniter->runController(Object(App\Controllers\Leger))
#8 C:\xampp\htdocs\pinjam-430\system\CodeIgniter.php(368): CodeIgniter\CodeIgniter->handleRequest(NULL, Object(Config\Cache), false)
#9 C:\xampp\htdocs\pinjam-430\public\index.php(67): CodeIgniter\CodeIgniter->run()
#10 C:\xampp\htdocs\pinjam-430\system\Commands\Server\rewrite.php(47): require_once('C:\\xampp\\htdocs...')
#11 {main}
CRITICAL - 2023-11-16 10:23:55 --> Unknown column 'kelas_id' in 'where clause'
in SYSTEMPATH\Database\BaseConnection.php on line 645.
 1 SYSTEMPATH\Database\BaseBuilder.php(1685): CodeIgniter\Database\BaseConnection->query('SELECT COUNT(*) AS `numrows`
FROM `tbl_siswa`
WHERE `kelas_id` IS NULL', [], false)
 2 APPPATH\Models\SiswaModel.php(149): CodeIgniter\Database\BaseBuilder->countAllResults()
 3 APPPATH\Controllers\Leger.php(44): App\Models\SiswaModel->getSiswaCount(null)
 4 SYSTEMPATH\CodeIgniter.php(934): App\Controllers\Leger->formLeger()
 5 SYSTEMPATH\CodeIgniter.php(499): CodeIgniter\CodeIgniter->runController(Object(App\Controllers\Leger))
 6 SYSTEMPATH\CodeIgniter.php(368): CodeIgniter\CodeIgniter->handleRequest(null, Object(Config\Cache), false)
 7 FCPATH\index.php(67): CodeIgniter\CodeIgniter->run()
 8 SYSTEMPATH\Commands\Server\rewrite.php(47): require_once('FCPATH\\index.php')
INFO - 2023-11-16 10:25:47 --> Session: Class initialized using 'CodeIgniter\Session\Handlers\FileHandler' driver.
INFO - 2023-11-16 10:25:50 --> Session: Class initialized using 'CodeIgniter\Session\Handlers\FileHandler' driver.
INFO - 2023-11-16 10:25:55 --> Session: Class initialized using 'CodeIgniter\Session\Handlers\FileHandler' driver.
ERROR - 2023-11-16 10:25:55 --> mysqli_sql_exception: Unknown column 'kelas_id' in 'where clause' in C:\xampp\htdocs\pinjam-430\system\Database\MySQLi\Connection.php:295
Stack trace:
#0 C:\xampp\htdocs\pinjam-430\system\Database\MySQLi\Connection.php(295): mysqli->query('SELECT COUNT(*)...', 0)
#1 C:\xampp\htdocs\pinjam-430\system\Database\BaseConnection.php(691): CodeIgniter\Database\MySQLi\Connection->execute('SELECT COUNT(*)...')
#2 C:\xampp\htdocs\pinjam-430\system\Database\BaseConnection.php(605): CodeIgniter\Database\BaseConnection->simpleQuery('SELECT COUNT(*)...')
#3 C:\xampp\htdocs\pinjam-430\system\Database\BaseBuilder.php(1685): CodeIgniter\Database\BaseConnection->query('SELECT COUNT(*)...', Array, false)
#4 C:\xampp\htdocs\pinjam-430\app\Models\SiswaModel.php(149): CodeIgniter\Database\BaseBuilder->countAllResults()
#5 C:\xampp\htdocs\pinjam-430\app\Controllers\Leger.php(149): App\Models\SiswaModel->getSiswaCount(NULL)
#6 C:\xampp\htdocs\pinjam-430\system\CodeIgniter.php(934): App\Controllers\Leger->cetakLeger()
#7 C:\xampp\htdocs\pinjam-430\system\CodeIgniter.php(499): CodeIgniter\CodeIgniter->runController(Object(App\Controllers\Leger))
#8 C:\xampp\htdocs\pinjam-430\system\CodeIgniter.php(368): CodeIgniter\CodeIgniter->handleRequest(NULL, Object(Config\Cache), false)
#9 C:\xampp\htdocs\pinjam-430\public\index.php(67): CodeIgniter\CodeIgniter->run()
#10 C:\xampp\htdocs\pinjam-430\system\Commands\Server\rewrite.php(47): require_once('C:\\xampp\\htdocs...')
#11 {main}
CRITICAL - 2023-11-16 10:25:55 --> Unknown column 'kelas_id' in 'where clause'
in SYSTEMPATH\Database\BaseConnection.php on line 645.
 1 SYSTEMPATH\Database\BaseBuilder.php(1685): CodeIgniter\Database\BaseConnection->query('SELECT COUNT(*) AS `numrows`
FROM `tbl_siswa`
WHERE `kelas_id` IS NULL', [], false)
 2 APPPATH\Models\SiswaModel.php(149): CodeIgniter\Database\BaseBuilder->countAllResults()
 3 APPPATH\Controllers\Leger.php(149): App\Models\SiswaModel->getSiswaCount(null)
 4 SYSTEMPATH\CodeIgniter.php(934): App\Controllers\Leger->cetakLeger()
 5 SYSTEMPATH\CodeIgniter.php(499): CodeIgniter\CodeIgniter->runController(Object(App\Controllers\Leger))
 6 SYSTEMPATH\CodeIgniter.php(368): CodeIgniter\CodeIgniter->handleRequest(null, Object(Config\Cache), false)
 7 FCPATH\index.php(67): CodeIgniter\CodeIgniter->run()
 8 SYSTEMPATH\Commands\Server\rewrite.php(47): require_once('FCPATH\\index.php')
INFO - 2023-11-16 10:26:14 --> Session: Class initialized using 'CodeIgniter\Session\Handlers\FileHandler' driver.
INFO - 2023-11-16 10:28:33 --> Session: Class initialized using 'CodeIgniter\Session\Handlers\FileHandler' driver.
ERROR - 2023-11-16 10:28:33 --> mysqli_sql_exception: Unknown column 'kelas_id' in 'where clause' in C:\xampp\htdocs\pinjam-430\system\Database\MySQLi\Connection.php:295
Stack trace:
#0 C:\xampp\htdocs\pinjam-430\system\Database\MySQLi\Connection.php(295): mysqli->query('SELECT COUNT(*)...', 0)
#1 C:\xampp\htdocs\pinjam-430\system\Database\BaseConnection.php(691): CodeIgniter\Database\MySQLi\Connection->execute('SELECT COUNT(*)...')
#2 C:\xampp\htdocs\pinjam-430\system\Database\BaseConnection.php(605): CodeIgniter\Database\BaseConnection->simpleQuery('SELECT COUNT(*)...')
#3 C:\xampp\htdocs\pinjam-430\system\Database\BaseBuilder.php(1685): CodeIgniter\Database\BaseConnection->query('SELECT COUNT(*)...', Array, false)
#4 C:\xampp\htdocs\pinjam-430\app\Models\SiswaModel.php(149): CodeIgniter\Database\BaseBuilder->countAllResults()
#5 C:\xampp\htdocs\pinjam-430\app\Controllers\Leger.php(44): App\Models\SiswaModel->getSiswaCount(NULL)
#6 C:\xampp\htdocs\pinjam-430\system\CodeIgniter.php(934): App\Controllers\Leger->formLeger()
#7 C:\xampp\htdocs\pinjam-430\system\CodeIgniter.php(499): CodeIgniter\CodeIgniter->runController(Object(App\Controllers\Leger))
#8 C:\xampp\htdocs\pinjam-430\system\CodeIgniter.php(368): CodeIgniter\CodeIgniter->handleRequest(NULL, Object(Config\Cache), false)
#9 C:\xampp\htdocs\pinjam-430\public\index.php(67): CodeIgniter\CodeIgniter->run()
#10 C:\xampp\htdocs\pinjam-430\system\Commands\Server\rewrite.php(47): require_once('C:\\xampp\\htdocs...')
#11 {main}
CRITICAL - 2023-11-16 10:28:33 --> Unknown column 'kelas_id' in 'where clause'
in SYSTEMPATH\Database\BaseConnection.php on line 645.
 1 SYSTEMPATH\Database\BaseBuilder.php(1685): CodeIgniter\Database\BaseConnection->query('SELECT COUNT(*) AS `numrows`
FROM `tbl_siswa`
WHERE `kelas_id` IS NULL', [], false)
 2 APPPATH\Models\SiswaModel.php(149): CodeIgniter\Database\BaseBuilder->countAllResults()
 3 APPPATH\Controllers\Leger.php(44): App\Models\SiswaModel->getSiswaCount(null)
 4 SYSTEMPATH\CodeIgniter.php(934): App\Controllers\Leger->formLeger()
 5 SYSTEMPATH\CodeIgniter.php(499): CodeIgniter\CodeIgniter->runController(Object(App\Controllers\Leger))
 6 SYSTEMPATH\CodeIgniter.php(368): CodeIgniter\CodeIgniter->handleRequest(null, Object(Config\Cache), false)
 7 FCPATH\index.php(67): CodeIgniter\CodeIgniter->run()
 8 SYSTEMPATH\Commands\Server\rewrite.php(47): require_once('FCPATH\\index.php')
INFO - 2023-11-16 10:30:35 --> Session: Class initialized using 'CodeIgniter\Session\Handlers\FileHandler' driver.
ERROR - 2023-11-16 10:30:35 --> mysqli_sql_exception: Unknown column 'kelas_id' in 'where clause' in C:\xampp\htdocs\pinjam-430\system\Database\MySQLi\Connection.php:295
Stack trace:
#0 C:\xampp\htdocs\pinjam-430\system\Database\MySQLi\Connection.php(295): mysqli->query('SELECT COUNT(*)...', 0)
#1 C:\xampp\htdocs\pinjam-430\system\Database\BaseConnection.php(691): CodeIgniter\Database\MySQLi\Connection->execute('SELECT COUNT(*)...')
#2 C:\xampp\htdocs\pinjam-430\system\Database\BaseConnection.php(605): CodeIgniter\Database\BaseConnection->simpleQuery('SELECT COUNT(*)...')
#3 C:\xampp\htdocs\pinjam-430\system\Database\BaseBuilder.php(1685): CodeIgniter\Database\BaseConnection->query('SELECT COUNT(*)...', Array, false)
#4 C:\xampp\htdocs\pinjam-430\app\Models\SiswaModel.php(149): CodeIgniter\Database\BaseBuilder->countAllResults()
#5 C:\xampp\htdocs\pinjam-430\app\Controllers\Leger.php(44): App\Models\SiswaModel->getSiswaCount(NULL)
#6 C:\xampp\htdocs\pinjam-430\system\CodeIgniter.php(934): App\Controllers\Leger->formLeger()
#7 C:\xampp\htdocs\pinjam-430\system\CodeIgniter.php(499): CodeIgniter\CodeIgniter->runController(Object(App\Controllers\Leger))
#8 C:\xampp\htdocs\pinjam-430\system\CodeIgniter.php(368): CodeIgniter\CodeIgniter->handleRequest(NULL, Object(Config\Cache), false)
#9 C:\xampp\htdocs\pinjam-430\public\index.php(67): CodeIgniter\CodeIgniter->run()
#10 C:\xampp\htdocs\pinjam-430\system\Commands\Server\rewrite.php(47): require_once('C:\\xampp\\htdocs...')
#11 {main}
CRITICAL - 2023-11-16 10:30:35 --> Unknown column 'kelas_id' in 'where clause'
in SYSTEMPATH\Database\BaseConnection.php on line 645.
 1 SYSTEMPATH\Database\BaseBuilder.php(1685): CodeIgniter\Database\BaseConnection->query('SELECT COUNT(*) AS `numrows`
FROM `tbl_siswa`
WHERE `kelas_id` IS NULL', [], false)
 2 APPPATH\Models\SiswaModel.php(149): CodeIgniter\Database\BaseBuilder->countAllResults()
 3 APPPATH\Controllers\Leger.php(44): App\Models\SiswaModel->getSiswaCount(null)
 4 SYSTEMPATH\CodeIgniter.php(934): App\Controllers\Leger->formLeger()
 5 SYSTEMPATH\CodeIgniter.php(499): CodeIgniter\CodeIgniter->runController(Object(App\Controllers\Leger))
 6 SYSTEMPATH\CodeIgniter.php(368): CodeIgniter\CodeIgniter->handleRequest(null, Object(Config\Cache), false)
 7 FCPATH\index.php(67): CodeIgniter\CodeIgniter->run()
 8 SYSTEMPATH\Commands\Server\rewrite.php(47): require_once('FCPATH\\index.php')
INFO - 2023-11-16 10:32:43 --> Session: Class initialized using 'CodeIgniter\Session\Handlers\FileHandler' driver.
INFO - 2023-11-16 10:32:50 --> Session: Class initialized using 'CodeIgniter\Session\Handlers\FileHandler' driver.
INFO - 2023-11-16 10:32:53 --> Session: Class initialized using 'CodeIgniter\Session\Handlers\FileHandler' driver.
INFO - 2023-11-16 10:32:59 --> Session: Class initialized using 'CodeIgniter\Session\Handlers\FileHandler' driver.
INFO - 2023-11-16 10:33:03 --> Session: Class initialized using 'CodeIgniter\Session\Handlers\FileHandler' driver.
INFO - 2023-11-16 10:33:05 --> Session: Class initialized using 'CodeIgniter\Session\Handlers\FileHandler' driver.
INFO - 2023-11-16 10:33:09 --> Session: Class initialized using 'CodeIgniter\Session\Handlers\FileHandler' driver.
INFO - 2023-11-16 10:33:31 --> Session: Class initialized using 'CodeIgniter\Session\Handlers\FileHandler' driver.
INFO - 2023-11-16 10:33:32 --> Session: Class initialized using 'CodeIgniter\Session\Handlers\FileHandler' driver.
INFO - 2023-11-16 10:33:37 --> Session: Class initialized using 'CodeIgniter\Session\Handlers\FileHandler' driver.
INFO - 2023-11-16 10:33:43 --> Session: Class initialized using 'CodeIgniter\Session\Handlers\FileHandler' driver.
INFO - 2023-11-16 10:33:50 --> Session: Class initialized using 'CodeIgniter\Session\Handlers\FileHandler' driver.
INFO - 2023-11-16 10:34:01 --> Session: Class initialized using 'CodeIgniter\Session\Handlers\FileHandler' driver.
INFO - 2023-11-16 10:34:02 --> Session: Class initialized using 'CodeIgniter\Session\Handlers\FileHandler' driver.
INFO - 2023-11-16 10:34:37 --> Session: Class initialized using 'CodeIgniter\Session\Handlers\FileHandler' driver.
INFO - 2023-11-16 10:34:41 --> Session: Class initialized using 'CodeIgniter\Session\Handlers\FileHandler' driver.
