INFO - 2023-12-22 01:57:07 --> Session: Class initialized using 'CodeIgniter\Session\Handlers\FileHandler' driver.
INFO - 2023-12-22 02:01:30 --> Session: Class initialized using 'CodeIgniter\Session\Handlers\FileHandler' driver.
INFO - 2023-12-22 02:01:35 --> Session: Class initialized using 'CodeIgniter\Session\Handlers\FileHandler' driver.
INFO - 2023-12-22 02:01:39 --> Session: Class initialized using 'CodeIgniter\Session\Handlers\FileHandler' driver.
INFO - 2023-12-22 02:01:40 --> Session: Class initialized using 'CodeIgniter\Session\Handlers\FileHandler' driver.
ERROR - 2023-12-22 03:05:12 --> Error connecting to the database: mysqli_sql_exception: No connection could be made because the target machine actively refused it in C:\xampp\htdocs\binduk\system\Database\MySQLi\Connection.php:173
Stack trace:
#0 C:\xampp\htdocs\binduk\system\Database\MySQLi\Connection.php(173): mysqli->real_connect('localhost', 'root', Object(SensitiveParameterValue), 'kdrj_bukuinduk', 3306, '', 0)
#1 C:\xampp\htdocs\binduk\system\Database\BaseConnection.php(391): CodeIgniter\Database\MySQLi\Connection->connect(false)
#2 C:\xampp\htdocs\binduk\system\Database\BaseConnection.php(573): CodeIgniter\Database\BaseConnection->initialize()
#3 C:\xampp\htdocs\binduk\system\Database\BaseBuilder.php(1685): CodeIgniter\Database\BaseConnection->query('SELECT COUNT(*)...', Array, false)
#4 C:\xampp\htdocs\binduk\system\Model.php(604): CodeIgniter\Database\BaseBuilder->countAllResults(true)
#5 C:\xampp\htdocs\binduk\app\Models\SiswaModel.php(160): CodeIgniter\Model->countAllResults()
#6 C:\xampp\htdocs\binduk\app\Controllers\Masuk.php(19): App\Models\SiswaModel->getTotalSiswa()
#7 C:\xampp\htdocs\binduk\system\CodeIgniter.php(934): App\Controllers\Masuk->index()
#8 C:\xampp\htdocs\binduk\system\CodeIgniter.php(499): CodeIgniter\CodeIgniter->runController(Object(App\Controllers\Masuk))
#9 C:\xampp\htdocs\binduk\system\CodeIgniter.php(368): CodeIgniter\CodeIgniter->handleRequest(NULL, Object(Config\Cache), false)
#10 C:\xampp\htdocs\binduk\public\index.php(67): CodeIgniter\CodeIgniter->run()
#11 C:\xampp\htdocs\binduk\system\Commands\Server\rewrite.php(47): require_once('C:\\xampp\\htdocs...')
#12 {main}

Next CodeIgniter\Database\Exceptions\DatabaseException: No connection could be made because the target machine actively refused it in C:\xampp\htdocs\binduk\system\Database\MySQLi\Connection.php:218
Stack trace:
#0 C:\xampp\htdocs\binduk\system\Database\BaseConnection.php(391): CodeIgniter\Database\MySQLi\Connection->connect(false)
#1 C:\xampp\htdocs\binduk\system\Database\BaseConnection.php(573): CodeIgniter\Database\BaseConnection->initialize()
#2 C:\xampp\htdocs\binduk\system\Database\BaseBuilder.php(1685): CodeIgniter\Database\BaseConnection->query('SELECT COUNT(*)...', Array, false)
#3 C:\xampp\htdocs\binduk\system\Model.php(604): CodeIgniter\Database\BaseBuilder->countAllResults(true)
#4 C:\xampp\htdocs\binduk\app\Models\SiswaModel.php(160): CodeIgniter\Model->countAllResults()
#5 C:\xampp\htdocs\binduk\app\Controllers\Masuk.php(19): App\Models\SiswaModel->getTotalSiswa()
#6 C:\xampp\htdocs\binduk\system\CodeIgniter.php(934): App\Controllers\Masuk->index()
#7 C:\xampp\htdocs\binduk\system\CodeIgniter.php(499): CodeIgniter\CodeIgniter->runController(Object(App\Controllers\Masuk))
#8 C:\xampp\htdocs\binduk\system\CodeIgniter.php(368): CodeIgniter\CodeIgniter->handleRequest(NULL, Object(Config\Cache), false)
#9 C:\xampp\htdocs\binduk\public\index.php(67): CodeIgniter\CodeIgniter->run()
#10 C:\xampp\htdocs\binduk\system\Commands\Server\rewrite.php(47): require_once('C:\\xampp\\htdocs...')
#11 {main}
CRITICAL - 2023-12-22 03:05:12 --> Unable to connect to the database.
Main connection [MySQLi]: No connection could be made because the target machine actively refused it
in SYSTEMPATH\Database\BaseConnection.php on line 427.
 1 SYSTEMPATH\Database\BaseConnection.php(573): CodeIgniter\Database\BaseConnection->initialize()
 2 SYSTEMPATH\Database\BaseBuilder.php(1685): CodeIgniter\Database\BaseConnection->query('SELECT COUNT(*) AS `numrows`
FROM `tbl_siswa`', [], false)
 3 SYSTEMPATH\Model.php(604): CodeIgniter\Database\BaseBuilder->countAllResults(true)
 4 APPPATH\Models\SiswaModel.php(160): CodeIgniter\Model->countAllResults()
 5 APPPATH\Controllers\Masuk.php(19): App\Models\SiswaModel->getTotalSiswa()
 6 SYSTEMPATH\CodeIgniter.php(934): App\Controllers\Masuk->index()
 7 SYSTEMPATH\CodeIgniter.php(499): CodeIgniter\CodeIgniter->runController(Object(App\Controllers\Masuk))
 8 SYSTEMPATH\CodeIgniter.php(368): CodeIgniter\CodeIgniter->handleRequest(null, Object(Config\Cache), false)
 9 FCPATH\index.php(67): CodeIgniter\CodeIgniter->run()
10 SYSTEMPATH\Commands\Server\rewrite.php(47): require_once('FCPATH\\index.php')
INFO - 2023-12-22 03:06:09 --> Session: Class initialized using 'CodeIgniter\Session\Handlers\FileHandler' driver.
INFO - 2023-12-22 03:06:15 --> Session: Class initialized using 'CodeIgniter\Session\Handlers\FileHandler' driver.
INFO - 2023-12-22 03:06:15 --> Session: Class initialized using 'CodeIgniter\Session\Handlers\FileHandler' driver.
INFO - 2023-12-22 03:06:24 --> Session: Class initialized using 'CodeIgniter\Session\Handlers\FileHandler' driver.
INFO - 2023-12-22 03:13:45 --> Session: Class initialized using 'CodeIgniter\Session\Handlers\FileHandler' driver.
